# JRE version: OpenJDK Runtime Environment (11.0.10) (build 11.0.10+0-b96-7249189)
# Java VM: OpenJDK 64-Bit Server VM (11.0.10+0-b96-7249189, mixed mode, tiered, compressed oops, g1 gc, windows-amd64)
Heap:
 garbage-first heap   total 95232K, used 57075K [0x0000000080000000, 0x0000000100000000)
  region size 1024K, 1 young (1024K), 1 survivors (1024K)
 Metaspace       used 49682K, capacity 50976K, committed 51200K, reserved 1093632K
  class space    used 6320K, capacity 6816K, committed 6912K, reserved 1048576K
GC Heap History (20 events):
Event: 28.218 GC heap after
{Heap after GC invocations=25 (full 0):
 garbage-first heap   total 65536K, used 47120K [0x0000000080000000, 0x0000000100000000)
  region size 1024K, 2 young (2048K), 2 survivors (2048K)
 Metaspace       used 42122K, capacity 43233K, committed 43520K, reserved 1087488K
  class space    used 5411K, capacity 5821K, committed 5888K, reserved 1048576K
}
Event: 29.372 GC heap before
{Heap before GC invocations=26 (full 0):
 garbage-first heap   total 65536K, used 57360K [0x0000000080000000, 0x0000000100000000)
  region size 1024K, 9 young (9216K), 2 survivors (2048K)
 Metaspace       used 42448K, capacity 43722K, committed 43776K, reserved 1087488K
  class space    used 5453K, capacity 5873K, committed 5888K, reserved 1048576K
}
Event: 29.387 GC heap after
{Heap after GC invocations=27 (full 0):
 garbage-first heap   total 65536K, used 52023K [0x0000000080000000, 0x0000000100000000)
  region size 1024K, 2 young (2048K), 2 survivors (2048K)
 Metaspace       used 42448K, capacity 43722K, committed 43776K, reserved 1087488K
  class space    used 5453K, capacity 5873K, committed 5888K, reserved 1048576K
}
Event: 29.625 GC heap before
{Heap before GC invocations=27 (full 0):
 garbage-first heap   total 65536K, used 55095K [0x0000000080000000, 0x0000000100000000)
  region size 1024K, 6 young (6144K), 2 survivors (2048K)
 Metaspace       used 42641K, capacity 43890K, committed 44160K, reserved 1087488K
  class space    used 5478K, capacity 5909K, committed 6016K, reserved 1048576K
}
Event: 29.637 GC heap after
{Heap after GC invocations=28 (full 0):
 garbage-first heap   total 65536K, used 52338K [0x0000000080000000, 0x0000000100000000)
  region size 1024K, 1 young (1024K), 1 survivors (1024K)
 Metaspace       used 42641K, capacity 43890K, committed 44160K, reserved 1087488K
  class space    used 5478K, capacity 5909K, committed 6016K, reserved 1048576K
}
Event: 29.879 GC heap before
{Heap before GC invocations=29 (full 0):
 garbage-first heap   total 65536K, used 55410K [0x0000000080000000, 0x0000000100000000)
  region size 1024K, 4 young (4096K), 1 survivors (1024K)
 Metaspace       used 43665K, capacity 44882K, committed 45184K, reserved 1089536K
  class space    used 5495K, capacity 5941K, committed 6016K, reserved 1048576K
}
Event: 29.882 GC heap after
{Heap after GC invocations=30 (full 0):
 garbage-first heap   total 78848K, used 52086K [0x0000000080000000, 0x0000000100000000)
  region size 1024K, 1 young (1024K), 1 survivors (1024K)
 Metaspace       used 43665K, capacity 44882K, committed 45184K, reserved 1089536K
  class space    used 5495K, capacity 5941K, committed 6016K, reserved 1048576K
}
Event: 30.695 GC heap before
{Heap before GC invocations=30 (full 0):
 garbage-first heap   total 78848K, used 61302K [0x0000000080000000, 0x0000000100000000)
  region size 1024K, 10 young (10240K), 1 survivors (1024K)
 Metaspace       used 44214K, capacity 45433K, committed 45696K, reserved 1089536K
  class space    used 5563K, capacity 5975K, committed 6016K, reserved 1048576K
}
Event: 30.700 GC heap after
{Heap after GC invocations=31 (full 0):
 garbage-first heap   total 78848K, used 52921K [0x0000000080000000, 0x0000000100000000)
  region size 1024K, 1 young (1024K), 1 survivors (1024K)
 Metaspace       used 44214K, capacity 45433K, committed 45696K, reserved 1089536K
  class space    used 5563K, capacity 5975K, committed 6016K, reserved 1048576K
}
Event: 31.972 GC heap before
{Heap before GC invocations=32 (full 0):
 garbage-first heap   total 78848K, used 63161K [0x0000000080000000, 0x0000000100000000)
  region size 1024K, 11 young (11264K), 1 survivors (1024K)
 Metaspace       used 46028K, capacity 47303K, committed 47616K, reserved 1091584K
  class space    used 5888K, capacity 6324K, committed 6400K, reserved 1048576K
}
Event: 31.984 GC heap after
{Heap after GC invocations=33 (full 0):
 garbage-first heap   total 78848K, used 53577K [0x0000000080000000, 0x0000000100000000)
  region size 1024K, 2 young (2048K), 2 survivors (2048K)
 Metaspace       used 46028K, capacity 47303K, committed 47616K, reserved 1091584K
  class space    used 5888K, capacity 6324K, committed 6400K, reserved 1048576K
}
Event: 33.000 GC heap before
{Heap before GC invocations=33 (full 0):
 garbage-first heap   total 78848K, used 62793K [0x0000000080000000, 0x0000000100000000)
  region size 1024K, 12 young (12288K), 2 survivors (2048K)
 Metaspace       used 47177K, capacity 48423K, committed 48512K, reserved 1091584K
  class space    used 6048K, capacity 6484K, committed 6528K, reserved 1048576K
}
Event: 33.020 GC heap after
{Heap after GC invocations=34 (full 0):
 garbage-first heap   total 78848K, used 54661K [0x0000000080000000, 0x0000000100000000)
  region size 1024K, 2 young (2048K), 2 survivors (2048K)
 Metaspace       used 47177K, capacity 48423K, committed 48512K, reserved 1091584K
  class space    used 6048K, capacity 6484K, committed 6528K, reserved 1048576K
}
Event: 33.650 GC heap before
{Heap before GC invocations=35 (full 0):
 garbage-first heap   total 78848K, used 63877K [0x0000000080000000, 0x0000000100000000)
  region size 1024K, 11 young (11264K), 2 survivors (2048K)
 Metaspace       used 47564K, capacity 48832K, committed 49152K, reserved 1091584K
  class space    used 6096K, capacity 6535K, committed 6656K, reserved 1048576K
}
Event: 33.658 GC heap after
{Heap after GC invocations=36 (full 0):
 garbage-first heap   total 78848K, used 54900K [0x0000000080000000, 0x0000000100000000)
  region size 1024K, 2 young (2048K), 2 survivors (2048K)
 Metaspace       used 47564K, capacity 48832K, committed 49152K, reserved 1091584K
  class space    used 6096K, capacity 6535K, committed 6656K, reserved 1048576K
}
Event: 34.832 GC heap before
{Heap before GC invocations=36 (full 0):
 garbage-first heap   total 78848K, used 64116K [0x0000000080000000, 0x0000000100000000)
  region size 1024K, 11 young (11264K), 2 survivors (2048K)
 Metaspace       used 48954K, capacity 50247K, committed 50304K, reserved 1093632K
  class space    used 6240K, capacity 6728K, committed 6784K, reserved 1048576K
}
Event: 34.839 GC heap after
{Heap after GC invocations=37 (full 0):
 garbage-first heap   total 78848K, used 55519K [0x0000000080000000, 0x0000000100000000)
  region size 1024K, 2 young (2048K), 2 survivors (2048K)
 Metaspace       used 48954K, capacity 50247K, committed 50304K, reserved 1093632K
  class space    used 6240K, capacity 6728K, committed 6784K, reserved 1048576K
}
Event: 35.823 GC heap before
{Heap before GC invocations=38 (full 0):
 garbage-first heap   total 78848K, used 64735K [0x0000000080000000, 0x0000000100000000)
  region size 1024K, 11 young (11264K), 2 survivors (2048K)
 Metaspace       used 49614K, capacity 50959K, committed 51200K, reserved 1093632K
  class space    used 6310K, capacity 6812K, committed 6912K, reserved 1048576K
}
Event: 35.837 GC heap after
{Heap after GC invocations=39 (full 0):
 garbage-first heap   total 78848K, used 56440K [0x0000000080000000, 0x0000000100000000)
  region size 1024K, 2 young (2048K), 2 survivors (2048K)
 Metaspace       used 49614K, capacity 50959K, committed 51200K, reserved 1093632K
  class space    used 6310K, capacity 6812K, committed 6912K, reserved 1048576K
}
Event: 36.165 GC heap before
{Heap before GC invocations=39 (full 0):
 garbage-first heap   total 78848K, used 65656K [0x0000000080000000, 0x0000000100000000)
  region size 1024K, 11 young (11264K), 2 survivors (2048K)
 Metaspace       used 49682K, capacity 50976K, committed 51200K, reserved 1093632K
  class space    used 6320K, capacity 6816K, committed 6912K, reserved 1048576K
}

