# JRE version: OpenJDK Runtime Environment (11.0.10) (build 11.0.10+0-b96-7249189)
# Java VM: OpenJDK 64-Bit Server VM (11.0.10+0-b96-7249189, mixed mode, tiered, compressed oops, g1 gc, windows-amd64)
Heap:
 garbage-first heap   total 387072K, used 132659K [0x0000000080000000, 0x0000000100000000)
  region size 1024K, 3 young (3072K), 3 survivors (3072K)
 Metaspace       used 96640K, capacity 99211K, committed 99404K, reserved 1134592K
  class space    used 12644K, capacity 13630K, committed 13644K, reserved 1048576K
GC Heap History (20 events):
Event: 47.492 GC heap after
{Heap after GC invocations=65 (full 0):
 garbage-first heap   total 141312K, used 69662K [0x0000000080000000, 0x0000000100000000)
  region size 1024K, 5 young (5120K), 5 survivors (5120K)
 Metaspace       used 85630K, capacity 87674K, committed 87884K, reserved 1126400K
  class space    used 11028K, capacity 11788K, committed 11852K, reserved 1048576K
}
Event: 49.815 GC heap before
{Heap before GC invocations=66 (full 0):
 garbage-first heap   total 141312K, used 107550K [0x0000000080000000, 0x0000000100000000)
  region size 1024K, 43 young (44032K), 5 survivors (5120K)
 Metaspace       used 86090K, capacity 88196K, committed 88396K, reserved 1126400K
  class space    used 11046K, capacity 11820K, committed 11852K, reserved 1048576K
}
Event: 49.836 GC heap after
{Heap after GC invocations=67 (full 0):
 garbage-first heap   total 141312K, used 71801K [0x0000000080000000, 0x0000000100000000)
  region size 1024K, 5 young (5120K), 5 survivors (5120K)
 Metaspace       used 86090K, capacity 88196K, committed 88396K, reserved 1126400K
  class space    used 11046K, capacity 11820K, committed 11852K, reserved 1048576K
}
Event: 50.131 GC heap before
{Heap before GC invocations=67 (full 0):
 garbage-first heap   total 141312K, used 77945K [0x0000000080000000, 0x0000000100000000)
  region size 1024K, 12 young (12288K), 5 survivors (5120K)
 Metaspace       used 86347K, capacity 88403K, committed 88652K, reserved 1126400K
  class space    used 11083K, capacity 11845K, committed 11852K, reserved 1048576K
}
Event: 50.150 GC heap after
{Heap after GC invocations=68 (full 0):
 garbage-first heap   total 169984K, used 72263K [0x0000000080000000, 0x0000000100000000)
  region size 1024K, 3 young (3072K), 3 survivors (3072K)
 Metaspace       used 86347K, capacity 88403K, committed 88652K, reserved 1126400K
  class space    used 11083K, capacity 11845K, committed 11852K, reserved 1048576K
}
Event: 52.059 GC heap before
{Heap before GC invocations=69 (full 0):
 garbage-first heap   total 169984K, used 128583K [0x0000000080000000, 0x0000000100000000)
  region size 1024K, 51 young (52224K), 3 survivors (3072K)
 Metaspace       used 87450K, capacity 89549K, committed 89676K, reserved 1126400K
  class space    used 11228K, capacity 11991K, committed 12108K, reserved 1048576K
}
Event: 52.081 GC heap after
{Heap after GC invocations=70 (full 0):
 garbage-first heap   total 169984K, used 84293K [0x0000000080000000, 0x0000000100000000)
  region size 1024K, 7 young (7168K), 7 survivors (7168K)
 Metaspace       used 87450K, capacity 89549K, committed 89676K, reserved 1126400K
  class space    used 11228K, capacity 11991K, committed 12108K, reserved 1048576K
}
Event: 53.410 GC heap before
{Heap before GC invocations=70 (full 0):
 garbage-first heap   total 169984K, used 127301K [0x0000000080000000, 0x0000000100000000)
  region size 1024K, 50 young (51200K), 7 survivors (7168K)
 Metaspace       used 89855K, capacity 92049K, committed 92364K, reserved 1128448K
  class space    used 11564K, capacity 12384K, committed 12492K, reserved 1048576K
}
Event: 53.438 GC heap after
{Heap after GC invocations=71 (full 0):
 garbage-first heap   total 169984K, used 91136K [0x0000000080000000, 0x0000000100000000)
  region size 1024K, 7 young (7168K), 7 survivors (7168K)
 Metaspace       used 89855K, capacity 92049K, committed 92364K, reserved 1128448K
  class space    used 11564K, capacity 12384K, committed 12492K, reserved 1048576K
}
Event: 54.201 GC heap before
{Heap before GC invocations=72 (full 0):
 garbage-first heap   total 169984K, used 131072K [0x0000000080000000, 0x0000000100000000)
  region size 1024K, 46 young (47104K), 7 survivors (7168K)
 Metaspace       used 90335K, capacity 92485K, committed 92620K, reserved 1130496K
  class space    used 11635K, capacity 12441K, committed 12492K, reserved 1048576K
}
Event: 54.241 GC heap after
{Heap after GC invocations=73 (full 0):
 garbage-first heap   total 169984K, used 98304K [0x0000000080000000, 0x0000000100000000)
  region size 1024K, 6 young (6144K), 6 survivors (6144K)
 Metaspace       used 90335K, capacity 92485K, committed 92620K, reserved 1130496K
  class space    used 11635K, capacity 12441K, committed 12492K, reserved 1048576K
}
Event: 55.055 GC heap before
{Heap before GC invocations=73 (full 0):
 garbage-first heap   total 169984K, used 133120K [0x0000000080000000, 0x0000000100000000)
  region size 1024K, 40 young (40960K), 6 survivors (6144K)
 Metaspace       used 91376K, capacity 93691K, committed 93900K, reserved 1130496K
  class space    used 11798K, capacity 12653K, committed 12748K, reserved 1048576K
}
Event: 55.098 GC heap after
{Heap after GC invocations=74 (full 0):
 garbage-first heap   total 204800K, used 106496K [0x0000000080000000, 0x0000000100000000)
  region size 1024K, 5 young (5120K), 5 survivors (5120K)
 Metaspace       used 91376K, capacity 93691K, committed 93900K, reserved 1130496K
  class space    used 11798K, capacity 12653K, committed 12748K, reserved 1048576K
}
Event: 55.814 GC heap before
{Heap before GC invocations=74 (full 0):
 garbage-first heap   total 204800K, used 150528K [0x0000000080000000, 0x0000000100000000)
  region size 1024K, 48 young (49152K), 5 survivors (5120K)
 Metaspace       used 91833K, capacity 94204K, committed 94412K, reserved 1130496K
  class space    used 11854K, capacity 12717K, committed 12748K, reserved 1048576K
}
Event: 56.248 GC heap after
{Heap after GC invocations=75 (full 0):
 garbage-first heap   total 204800K, used 115084K [0x0000000080000000, 0x0000000100000000)
  region size 1024K, 6 young (6144K), 6 survivors (6144K)
 Metaspace       used 91833K, capacity 94204K, committed 94412K, reserved 1130496K
  class space    used 11854K, capacity 12717K, committed 12748K, reserved 1048576K
}
Event: 57.743 GC heap before
{Heap before GC invocations=76 (full 0):
 garbage-first heap   total 204800K, used 156044K [0x0000000080000000, 0x0000000100000000)
  region size 1024K, 46 young (47104K), 6 survivors (6144K)
 Metaspace       used 93089K, capacity 95549K, committed 95820K, reserved 1132544K
  class space    used 12074K, capacity 13038K, committed 13132K, reserved 1048576K
}
Event: 57.793 GC heap after
{Heap after GC invocations=77 (full 0):
 garbage-first heap   total 204800K, used 122199K [0x0000000080000000, 0x0000000100000000)
  region size 1024K, 6 young (6144K), 6 survivors (6144K)
 Metaspace       used 93089K, capacity 95549K, committed 95820K, reserved 1132544K
  class space    used 12074K, capacity 13038K, committed 13132K, reserved 1048576K
}
Event: 58.006 GC heap before
{Heap before GC invocations=77 (full 0):
 garbage-first heap   total 204800K, used 161111K [0x0000000080000000, 0x0000000100000000)
  region size 1024K, 44 young (45056K), 6 survivors (6144K)
 Metaspace       used 93494K, capacity 95975K, committed 96076K, reserved 1132544K
  class space    used 12158K, capacity 13116K, committed 13132K, reserved 1048576K
}
Event: 58.048 GC heap after
{Heap after GC invocations=78 (full 0):
 garbage-first heap   total 204800K, used 128997K [0x0000000080000000, 0x0000000100000000)
  region size 1024K, 6 young (6144K), 6 survivors (6144K)
 Metaspace       used 93494K, capacity 95975K, committed 96076K, reserved 1132544K
  class space    used 12158K, capacity 13116K, committed 13132K, reserved 1048576K
}
Event: 60.081 GC heap before
{Heap before GC invocations=79 (full 0):
 garbage-first heap   total 204800K, used 165861K [0x0000000080000000, 0x0000000100000000)
  region size 1024K, 42 young (43008K), 6 survivors (6144K)
 Metaspace       used 96640K, capacity 99211K, committed 99404K, reserved 1134592K
  class space    used 12644K, capacity 13630K, committed 13644K, reserved 1048576K
}

